This is pdfTeX, Version 3.141592653-2.6-1.40.27 (TeX Live 2025) (preloaded format=pdflatex 2025.7.10)  15 JUL 2025 22:04
entering extended mode
 restricted \write18 enabled.
 %&-line parsing enabled.
**../models/tully_fisher_equations.tex
(../models/tully_fisher_equations.tex
LaTeX2e <2024-11-01> patch level 2
L3 programming layer <2025-01-18>
(/usr/local/texlive/2025/texmf-dist/tex/latex/base/article.cls
Document Class: article 2024/06/29 v1.4n Standard LaTeX document class
(/usr/local/texlive/2025/texmf-dist/tex/latex/base/size10.clo
File: size10.clo 2024/06/29 v1.4n Standard LaTeX file (size option)
)
\c@part=\count196
\c@section=\count197
\c@subsection=\count198
\c@subsubsection=\count199
\c@paragraph=\count266
\c@subparagraph=\count267
\c@figure=\count268
\c@table=\count269
\abovecaptionskip=\skip49
\belowcaptionskip=\skip50
\bibindent=\dimen141
)
(/usr/local/texlive/2025/texmf-dist/tex/latex/amsmath/amsmath.sty
Package: amsmath 2024/11/05 v2.17t AMS math features
\@mathmargin=\skip51

For additional information on amsmath, use the `?' option.
(/usr/local/texlive/2025/texmf-dist/tex/latex/amsmath/amstext.sty
Package: amstext 2021/08/26 v2.01 AMS text

(/usr/local/texlive/2025/texmf-dist/tex/latex/amsmath/amsgen.sty
File: amsgen.sty 1999/11/30 v2.0 generic functions
\@emptytoks=\toks17
\ex@=\dimen142
))
(/usr/local/texlive/2025/texmf-dist/tex/latex/amsmath/amsbsy.sty
Package: amsbsy 1999/11/29 v1.2d Bold Symbols
\pmbraise@=\dimen143
)
(/usr/local/texlive/2025/texmf-dist/tex/latex/amsmath/amsopn.sty
Package: amsopn 2022/04/08 v2.04 operator names
)
\inf@bad=\count270
LaTeX Info: Redefining \frac on input line 233.
\uproot@=\count271
\leftroot@=\count272
LaTeX Info: Redefining \overline on input line 398.
LaTeX Info: Redefining \colon on input line 409.
\classnum@=\count273
\DOTSCASE@=\count274
LaTeX Info: Redefining \ldots on input line 495.
LaTeX Info: Redefining \dots on input line 498.
LaTeX Info: Redefining \cdots on input line 619.
\Mathstrutbox@=\box52
\strutbox@=\box53
LaTeX Info: Redefining \big on input line 721.
LaTeX Info: Redefining \Big on input line 722.
LaTeX Info: Redefining \bigg on input line 723.
LaTeX Info: Redefining \Bigg on input line 724.
\big@size=\dimen144
LaTeX Font Info:    Redeclaring font encoding OML on input line 742.
LaTeX Font Info:    Redeclaring font encoding OMS on input line 743.
\macc@depth=\count275
LaTeX Info: Redefining \bmod on input line 904.
LaTeX Info: Redefining \pmod on input line 909.
LaTeX Info: Redefining \smash on input line 939.
LaTeX Info: Redefining \relbar on input line 969.
LaTeX Info: Redefining \Relbar on input line 970.
\c@MaxMatrixCols=\count276
\dotsspace@=\muskip17
\c@parentequation=\count277
\dspbrk@lvl=\count278
\tag@help=\toks18
\row@=\count279
\column@=\count280
\maxfields@=\count281
\andhelp@=\toks19
\eqnshift@=\dimen145
\alignsep@=\dimen146
\tagshift@=\dimen147
\tagwidth@=\dimen148
\totwidth@=\dimen149
\lineht@=\dimen150
\@envbody=\toks20
\multlinegap=\skip52
\multlinetaggap=\skip53
\mathdisplay@stack=\toks21
LaTeX Info: Redefining \[ on input line 2953.
LaTeX Info: Redefining \] on input line 2954.
)
(/usr/local/texlive/2025/texmf-dist/tex/latex/geometry/geometry.sty
Package: geometry 2020/01/02 v5.9 Page Geometry

(/usr/local/texlive/2025/texmf-dist/tex/latex/graphics/keyval.sty
Package: keyval 2022/05/29 v1.15 key=value parser (DPC)
\KV@toks@=\toks22
)
(/usr/local/texlive/2025/texmf-dist/tex/generic/iftex/ifvtex.sty
Package: ifvtex 2019/10/25 v1.7 ifvtex legacy package. Use iftex instead.

(/usr/local/texlive/2025/texmf-dist/tex/generic/iftex/iftex.sty
Package: iftex 2024/12/12 v1.0g TeX engine tests
))
\Gm@cnth=\count282
\Gm@cntv=\count283
\c@Gm@tempcnt=\count284
\Gm@bindingoffset=\dimen151
\Gm@wd@mp=\dimen152
\Gm@odd@mp=\dimen153
\Gm@even@mp=\dimen154
\Gm@layoutwidth=\dimen155
\Gm@layoutheight=\dimen156
\Gm@layouthoffset=\dimen157
\Gm@layoutvoffset=\dimen158
\Gm@dimlist=\toks23
)
(/usr/local/texlive/2025/texmf-dist/tex/latex/l3backend/l3backend-pdftex.def
File: l3backend-pdftex.def 2024-05-08 L3 backend support: PDF output (pdfTeX)
\l__color_backend_stack_int=\count285
\l__pdf_internal_box=\box54
)
No file tully_fisher_equations.aux.
\openout1 = `tully_fisher_equations.aux'.

LaTeX Font Info:    Checking defaults for OML/cmm/m/it on input line 5.
LaTeX Font Info:    ... okay on input line 5.
LaTeX Font Info:    Checking defaults for OMS/cmsy/m/n on input line 5.
LaTeX Font Info:    ... okay on input line 5.
LaTeX Font Info:    Checking defaults for OT1/cmr/m/n on input line 5.
LaTeX Font Info:    ... okay on input line 5.
LaTeX Font Info:    Checking defaults for T1/cmr/m/n on input line 5.
LaTeX Font Info:    ... okay on input line 5.
LaTeX Font Info:    Checking defaults for TS1/cmr/m/n on input line 5.
LaTeX Font Info:    ... okay on input line 5.
LaTeX Font Info:    Checking defaults for OMX/cmex/m/n on input line 5.
LaTeX Font Info:    ... okay on input line 5.
LaTeX Font Info:    Checking defaults for U/cmr/m/n on input line 5.
LaTeX Font Info:    ... okay on input line 5.
*geometry* driver: auto-detecting
*geometry* detected driver: pdftex
*geometry* verbose mode - [ preamble ] result:
* driver: pdftex
* paper: <default>
* layout: <same size as paper>
* layoutoffset:(h,v)=(0.0pt,0.0pt)
* modes: 
* h-part:(L,W,R)=(72.26999pt, 469.75502pt, 72.26999pt)
* v-part:(T,H,B)=(72.26999pt, 650.43001pt, 72.26999pt)
* \paperwidth=614.295pt
* \paperheight=794.96999pt
* \textwidth=469.75502pt
* \textheight=650.43001pt
* \oddsidemargin=0.0pt
* \evensidemargin=0.0pt
* \topmargin=-37.0pt
* \headheight=12.0pt
* \headsep=25.0pt
* \topskip=10.0pt
* \footskip=30.0pt
* \marginparwidth=65.0pt
* \marginparsep=11.0pt
* \columnsep=10.0pt
* \skip\footins=9.0pt plus 4.0pt minus 2.0pt
* \hoffset=0.0pt
* \voffset=0.0pt
* \mag=1000
* \@twocolumnfalse
* \@twosidefalse
* \@mparswitchfalse
* \@reversemarginfalse
* (1in=72.27pt=25.4mm, 1cm=28.453pt)


Underfull \hbox (badness 10000) in paragraph at lines 9--12

 []


Underfull \hbox (badness 10000) in paragraph at lines 17--20

 []


Underfull \hbox (badness 10000) in paragraph at lines 25--28

 []


Underfull \hbox (badness 10000) in paragraph at lines 33--36

 []


Underfull \hbox (badness 10000) in paragraph at lines 41--44

 []


Underfull \hbox (badness 10000) in paragraph at lines 49--52

 []


Underfull \hbox (badness 10000) in paragraph at lines 57--60

 []



[1

{/usr/local/texlive/2025/texmf-var/fonts/map/pdftex/updmap/pdftex.map}]
Underfull \hbox (badness 10000) in paragraph at lines 65--68

 []


Underfull \hbox (badness 10000) in paragraph at lines 73--76

 []


Overfull \hbox (15.1872pt too wide) detected at line 78
\OML/cmm/m/it/10 y \OT1/cmr/m/n/10 = (\OML/cmm/m/it/10 sqrt\OT1/cmr/m/n/10 (0\O
ML/cmm/m/it/10 :\OT1/cmr/m/n/10 5821555[]\OML/cmm/m/it/10 bserved[]velocity[]no
rm\OT1/cmr/m/n/10 ) + \OMS/cmsy/m/n/10 ^^@\OT1/cmr/m/n/10 12\OML/cmm/m/it/10 :\
OT1/cmr/m/n/10 258445) \OMS/cmsy/m/n/10 ^^@ \OT1/cmr/m/n/10 ((\OML/cmm/m/it/10 
log[]observed[]velocity \OMS/cmsy/m/n/10 ^^@ ^^@\OT1/cmr/m/n/10 0\OML/cmm/m/it/
10 :\OT1/cmr/m/n/10 65573543) \OMS/cmsy/m/n/10 ^^C \OT1/cmr/m/n/10 3\OML/cmm/m/
it/10 :\OT1/cmr/m/n/10 5730937)
 []


Underfull \hbox (badness 10000) in paragraph at lines 81--84

 []


Overfull \hbox (47.63008pt too wide) detected at line 86
\OML/cmm/m/it/10 y \OT1/cmr/m/n/10 = (\OML/cmm/m/it/10 sqrt\OT1/cmr/m/n/10 (\OM
L/cmm/m/it/10 log[]observed[]velocity\OT1/cmr/m/n/10 ) \OMS/cmsy/m/n/10 ^^C \OT
1/cmr/m/n/10 (\OMS/cmsy/m/n/10 ^^@\OT1/cmr/m/n/10 14\OML/cmm/m/it/10 :\OT1/cmr/
m/n/10 53215 \OMS/cmsy/m/n/10 ^^@ \OML/cmm/m/it/10 abs\OT1/cmr/m/n/10 ((0\OML/c
mm/m/it/10 :\OT1/cmr/m/n/10 20658731\OML/cmm/m/it/10 =observed[]velocity[]norm\
OT1/cmr/m/n/10 ) + \OMS/cmsy/m/n/10 ^^@\OT1/cmr/m/n/10 0\OML/cmm/m/it/10 :\OT1/
cmr/m/n/10 07435101))) + 0\OML/cmm/m/it/10 :\OT1/cmr/m/n/10 17303316
 []


Underfull \hbox (badness 10000) in paragraph at lines 89--92

 []


Underfull \hbox (badness 10000) in paragraph at lines 97--100

 []


Underfull \hbox (badness 10000) in paragraph at lines 105--108

 []


Underfull \hbox (badness 10000) in paragraph at lines 113--116

 []



[2]
Underfull \hbox (badness 10000) in paragraph at lines 121--124

 []


Underfull \hbox (badness 10000) in paragraph at lines 129--132

 []


Underfull \hbox (badness 10000) in paragraph at lines 137--140

 []


Underfull \hbox (badness 10000) in paragraph at lines 145--148

 []


Overfull \hbox (13.93651pt too wide) detected at line 150
\OML/cmm/m/it/10 y \OT1/cmr/m/n/10 = ((((\OML/cmm/m/it/10 observed[]velocity[]n
orm \OMS/cmsy/m/n/10 ^^C \OML/cmm/m/it/10 sin[]inclination\OT1/cmr/m/n/10 )[]\O
ML/cmm/m/it/10 :\OT1/cmr/m/n/10 9095054) + \OML/cmm/m/it/10 log[]observed[]velo
city\OT1/cmr/m/n/10 ) \OMS/cmsy/m/n/10 ^^C ^^@\OT1/cmr/m/n/10 3\OML/cmm/m/it/10
 :\OT1/cmr/m/n/10 9674828) + \OMS/cmsy/m/n/10 ^^@\OT1/cmr/m/n/10 12\OML/cmm/m/i
t/10 :\OT1/cmr/m/n/10 856682
 []


Underfull \hbox (badness 10000) in paragraph at lines 153--156

 []


Overfull \hbox (75.16037pt too wide) detected at line 158
\OML/cmm/m/it/10 y \OT1/cmr/m/n/10 = \OML/cmm/m/it/10 log\OT1/cmr/m/n/10 (\OML/
cmm/m/it/10 log[]observed[]velocity\OT1/cmr/m/n/10 ) + (((\OML/cmm/m/it/10 log[
]observed[]velocity[]observed[]velocity[]norm[]in[]inclination\OT1/cmr/m/n/10 )
) \OMS/cmsy/m/n/10 ^^C ^^@\OT1/cmr/m/n/10 4\OML/cmm/m/it/10 :\OT1/cmr/m/n/10 29
6377) + \OMS/cmsy/m/n/10 ^^@\OT1/cmr/m/n/10 13\OML/cmm/m/it/10 :\OT1/cmr/m/n/10
 011824)
 []


Underfull \hbox (badness 10000) in paragraph at lines 161--164

 []


Overfull \hbox (144.74712pt too wide) detected at line 166
\OML/cmm/m/it/10 y \OT1/cmr/m/n/10 = (\OML/cmm/m/it/10 sin[]inclination[]\OT1/c
mr/m/n/10 (\OML/cmm/m/it/10 log[]observed[]velocity \OMS/cmsy/m/n/10 ^^C \OML/c
mm/m/it/10 sin[]inclination\OT1/cmr/m/n/10 ) \OMS/cmsy/m/n/10 ^^C \OML/cmm/m/it
/10 observed[]velocity[]norm\OT1/cmr/m/n/10 )) + ((\OML/cmm/m/it/10 log[]observ
ed[]velocity \OMS/cmsy/m/n/10 ^^C ^^@\OT1/cmr/m/n/10 3\OML/cmm/m/it/10 :\OT1/cm
r/m/n/10 7744148) + \OMS/cmsy/m/n/10 ^^@\OT1/cmr/m/n/10 14\OML/cmm/m/it/10 :\OT
1/cmr/m/n/10 242348)
 []


Underfull \hbox (badness 10000) in paragraph at lines 169--172

 []



[3]
Overfull \hbox (227.6325pt too wide) detected at line 174
\OML/cmm/m/it/10 y \OT1/cmr/m/n/10 = (\OML/cmm/m/it/10 log[]observed[]velocity 
\OMS/cmsy/m/n/10 ^^C ^^@\OT1/cmr/m/n/10 3\OML/cmm/m/it/10 :\OT1/cmr/m/n/10 7311
282) + ((\OML/cmm/m/it/10 sin[]inclination[]\OT1/cmr/m/n/10 (\OML/cmm/m/it/10 o
bserved[]velocity[]norm \OMS/cmsy/m/n/10 ^^C \OT1/cmr/m/n/10 (\OML/cmm/m/it/10 
log[]observed[]velocity \OMS/cmsy/m/n/10 ^^C \OML/cmm/m/it/10 sin[]inclination\
OT1/cmr/m/n/10 )) \OMS/cmsy/m/n/10 ^^@ \OML/cmm/m/it/10 sin[]inclination\OT1/cm
r/m/n/10 )) + \OMS/cmsy/m/n/10 ^^@\OT1/cmr/m/n/10 14\OML/cmm/m/it/10 :\OT1/cmr/
m/n/10 398076)
 []


Underfull \hbox (badness 10000) in paragraph at lines 177--180

 []


Overfull \hbox (241.7132pt too wide) detected at line 182
\OML/cmm/m/it/10 y \OT1/cmr/m/n/10 = (\OML/cmm/m/it/10 sin[]inclination[]bs\OT1
/cmr/m/n/10 (((\OML/cmm/m/it/10 log[]observed[]velocity \OMS/cmsy/m/n/10 ^^C \O
ML/cmm/m/it/10 observed[]velocity[]norm\OT1/cmr/m/n/10 ) \OMS/cmsy/m/n/10 ^^C \
OML/cmm/m/it/10 sin[]inclination\OT1/cmr/m/n/10 ) \OMS/cmsy/m/n/10 ^^@ \OML/cmm
/m/it/10 sin[]inclination\OT1/cmr/m/n/10 )) + ((\OML/cmm/m/it/10 log[]observed[
]velocity \OMS/cmsy/m/n/10 ^^C ^^@\OT1/cmr/m/n/10 3\OML/cmm/m/it/10 :\OT1/cmr/m
/n/10 7468345) + \OMS/cmsy/m/n/10 ^^@\OT1/cmr/m/n/10 14\OML/cmm/m/it/10 :\OT1/c
mr/m/n/10 356396)
 []


Underfull \hbox (badness 10000) in paragraph at lines 185--188

 []


Overfull \hbox (297.26892pt too wide) detected at line 190
\OML/cmm/m/it/10 y \OT1/cmr/m/n/10 = ((\OML/cmm/m/it/10 log[]observed[]velocity
 \OMS/cmsy/m/n/10 ^^C ^^@\OT1/cmr/m/n/10 3\OML/cmm/m/it/10 :\OT1/cmr/m/n/10 746
8345) + (\OML/cmm/m/it/10 sin[]inclination[]bs\OT1/cmr/m/n/10 (((\OML/cmm/m/it/
10 observed[]velocity[]norm \OMS/cmsy/m/n/10 ^^C \OML/cmm/m/it/10 log[]observed
[]velocity\OT1/cmr/m/n/10 ) \OMS/cmsy/m/n/10 ^^C \OML/cmm/m/it/10 sin[]inclinat
ion\OT1/cmr/m/n/10 ) \OMS/cmsy/m/n/10 ^^@ \OT1/cmr/m/n/10 (\OML/cmm/m/it/10 sin
[]inclination=\OT1/cmr/m/n/10 1\OML/cmm/m/it/10 :\OT1/cmr/m/n/10 0594547)))) + 
\OMS/cmsy/m/n/10 ^^@\OT1/cmr/m/n/10 14\OML/cmm/m/it/10 :\OT1/cmr/m/n/10 356396
 []



[4] (./tully_fisher_equations.aux)
 ***********
LaTeX2e <2024-11-01> patch level 2
L3 programming layer <2025-01-18>
 ***********
 ) 
Here is how much of TeX's memory you used:
 1745 strings out of 473190
 26784 string characters out of 5715800
 432498 words of memory out of 5000000
 25047 multiletter control sequences out of 15000+600000
 560501 words of font info for 42 fonts, out of 8000000 for 9000
 1141 hyphenation exceptions out of 8191
 57i,6n,65p,250b,131s stack positions out of 10000i,1000n,20000p,200000b,200000s
</usr/local/texlive/2025/texmf-dist/fonts/type1/public/amsfonts/cm/cmbx12.pfb
></usr/local/texlive/2025/texmf-dist/fonts/type1/public/amsfonts/cm/cmmi10.pfb>
</usr/local/texlive/2025/texmf-dist/fonts/type1/public/amsfonts/cm/cmmi7.pfb></
usr/local/texlive/2025/texmf-dist/fonts/type1/public/amsfonts/cm/cmr10.pfb></us
r/local/texlive/2025/texmf-dist/fonts/type1/public/amsfonts/cm/cmr7.pfb></usr/l
ocal/texlive/2025/texmf-dist/fonts/type1/public/amsfonts/cm/cmsy10.pfb>
Output written on tully_fisher_equations.pdf (4 pages, 75521 bytes).
PDF statistics:
 47 PDF objects out of 1000 (max. 8388607)
 28 compressed objects within 1 object stream
 0 named destinations out of 1000 (max. 500000)
 1 words of extra memory for PDF output out of 10000 (max. 10000000)

